<?xml version="1.0" encoding="UTF-8"?>
<!-- Generated by org.testng.reporters.JUnitReportReporter -->
<testsuite hostname="DESKTOP-KDF48BK" failures="0" tests="8" name="MavenPackage.CountryName2" time="0.040" errors="0" timestamp="2023-09-20T16:10:39 IST" skipped="0">
  <testcase classname="MavenPackage.CountryName2" name="ky" time="0.010"/>
  <testcase classname="MavenPackage.CountryName2" name="ko" time="0.005"/>
  <testcase classname="MavenPackage.CountryName2" name="il" time="0.006"/>
  <testcase classname="MavenPackage.CountryName2" name="jd" time="0.002"/>
  <testcase classname="MavenPackage.CountryName2" name="hg" time="0.004"/>
  <testcase classname="MavenPackage.CountryName2" name="hk" time="0.003"/>
  <testcase classname="MavenPackage.CountryName2" name="ind" time="0.002"/>
  <testcase classname="MavenPackage.CountryName2" name="gl" time="0.008"/>
</testsuite> <!-- MavenPackage.CountryName2 -->
