<?xml version="1.0" encoding="UTF-8"?>
<!-- Generated by org.testng.reporters.JUnitReportReporter -->
<testsuite hostname="DESKTOP-KDF48BK" failures="0" tests="6" name="MavenPackage.CountryName1" time="0.042" errors="0" timestamp="2023-09-20T16:10:39 IST" skipped="0">
  <testcase classname="MavenPackage.CountryName1" name="ru" time="0.003"/>
  <testcase classname="MavenPackage.CountryName1" name="ja" time="0.003"/>
  <testcase classname="MavenPackage.CountryName1" name="fi" time="0.003"/>
  <testcase classname="MavenPackage.CountryName1" name="at" time="0.011"/>
  <testcase classname="MavenPackage.CountryName1" name="chi" time="0.003"/>
  <testcase classname="MavenPackage.CountryName1" name="ant" time="0.019"/>
</testsuite> <!-- MavenPackage.CountryName1 -->
