<?xml version="1.0" encoding="UTF-8"?>
<!-- Generated by org.testng.reporters.JUnitReportReporter -->
<testsuite hostname="DESKTOP-KDF48BK" failures="0" tests="9" name="MavenPackage.CountryName3" time="0.033" errors="0" timestamp="2023-09-20T16:10:39 IST" skipped="0">
  <testcase classname="MavenPackage.CountryName3" name="ni" time="0.003"/>
  <testcase classname="MavenPackage.CountryName3" name="ks" time="0.004"/>
  <testcase classname="MavenPackage.CountryName3" name="lb" time="0.006"/>
  <testcase classname="MavenPackage.CountryName3" name="le" time="0.002"/>
  <testcase classname="MavenPackage.CountryName3" name="qt" time="0.002"/>
  <testcase classname="MavenPackage.CountryName3" name="sg" time="0.004"/>
  <testcase classname="MavenPackage.CountryName3" name="ku" time="0.004"/>
  <testcase classname="MavenPackage.CountryName3" name="si" time="0.003"/>
  <testcase classname="MavenPackage.CountryName3" name="pl" time="0.005"/>
</testsuite> <!-- MavenPackage.CountryName3 -->
